<?xml version="1.0" encoding="UTF-8"?>
<!-- Generated by org.testng.reporters.JUnitXMLReporter -->
<testsuite hostname="01HW1045896" name="Default test" tests="2" failures="0" timestamp="4 Jan 2018 09:03:58 GMT" time="0.031" errors="0">
  <testcase name="@BeforeClass launchBrowser" time="0.0" classname="bsiShopRedesignSprint2.MultipleEventUpdateBasket">
    <failure type="org.testng.TestNGException" message="
Parameter &amp;apos;browser&amp;apos; is required by @Configuration on method launchBrowser but has not been marked @Optional or defined
in C:\Users\529373\AppData\Local\Temp\testng-eclipse-1742641801\testng-customsuite.xml">
      <![CDATA[org.testng.TestNGException: 
Parameter 'browser' is required by @Configuration on method launchBrowser but has not been marked @Optional or defined
in C:\Users\529373\AppData\Local\Temp\testng-eclipse-1742641801\testng-customsuite.xml
	at org.testng.internal.Parameters.createParameters(Parameters.java:155)
	at org.testng.internal.Parameters.createParameters(Parameters.java:355)
	at org.testng.internal.Parameters.createConfigurationParameters(Parameters.java:86)
	at org.testng.internal.Invoker.invokeConfigurations(Invoker.java:199)
	at org.testng.internal.Invoker.invokeConfigurations(Invoker.java:138)
	at org.testng.internal.TestMethodWorker.invokeBeforeClassMethods(TestMethodWorker.java:175)
	at org.testng.internal.TestMethodWorker.run(TestMethodWorker.java:107)
	at org.testng.TestRunner.privateRun(TestRunner.java:767)
	at org.testng.TestRunner.run(TestRunner.java:617)
	at org.testng.SuiteRunner.runTest(SuiteRunner.java:334)
	at org.testng.SuiteRunner.runSequentially(SuiteRunner.java:329)
	at org.testng.SuiteRunner.privateRun(SuiteRunner.java:291)
	at org.testng.SuiteRunner.run(SuiteRunner.java:240)
	at org.testng.SuiteRunnerWorker.runSuite(SuiteRunnerWorker.java:52)
	at org.testng.SuiteRunnerWorker.run(SuiteRunnerWorker.java:86)
	at org.testng.TestNG.runSuitesSequentially(TestNG.java:1198)
	at org.testng.TestNG.runSuitesLocally(TestNG.java:1123)
	at org.testng.TestNG.run(TestNG.java:1031)
	at org.testng.remote.AbstractRemoteTestNG.run(AbstractRemoteTestNG.java:132)
	at org.testng.remote.RemoteTestNG.initAndRun(RemoteTestNG.java:230)
	at org.testng.remote.RemoteTestNG.main(RemoteTestNG.java:76)
]]>
    </failure>
  </testcase> <!-- @BeforeClass launchBrowser -->
  <testcase name="@AfterClass tearDown" time="0.0" classname="bsiShopRedesignSprint2.MultipleEventUpdateBasket">
    <skipped/>
  </testcase> <!-- @AfterClass tearDown -->
  <testcase name="@AfterTest quit" time="0.0" classname="bsiShopRedesignSprint2.MultipleEventUpdateBasket">
    <skipped/>
  </testcase> <!-- @AfterTest quit -->
  <testcase name="signIn" time="0.0" classname="bsiShopRedesignSprint2.MultipleEventUpdateBasket">
    <skipped/>
  </testcase> <!-- signIn -->
  <testcase name="addMultipleEventsToBasket" time="0.016" classname="bsiShopRedesignSprint2.MultipleEventUpdateBasket">
    <skipped/>
  </testcase> <!-- addMultipleEventsToBasket -->
</testsuite> <!-- Default test -->
