<?xml version="1.0" encoding="UTF-8"?>
<!-- Generated by org.testng.reporters.JUnitXMLReporter -->
<testsuite hostname="ShopRedesign02" ignored="8" name="Chrome Browser" tests="11" failures="7" timestamp="13 Apr 2018 15:00:54 GMT" time="829.646" errors="0">
  <testcase name="@AfterClass tearDown" time="0.006" classname="bsiShopRedesignBase.BaseTest">
    <failure type="org.openqa.selenium.NoSuchSessionException" message="no such session
  (Driver info: chromedriver=2.36.540470 (e522d04694c7ebea4ba8821272dbef4f9b818c91),platform=Windows NT 6.2.9200 x86_64) (WARNING: The server did not provide any stacktrace information)
Command duration or timeout: 0 milliseconds
Build info: version: &amp;apos;3.8.0&amp;apos;, revision: &amp;apos;924c4067df&amp;apos;, time: &amp;apos;2017-11-30T11:37:19.049Z&amp;apos;
System info: host: &amp;apos;SHOPREDESIGN02&amp;apos;, ip: &amp;apos;10.0.9.5&amp;apos;, os.name: &amp;apos;Windows Server 2012&amp;apos;, os.arch: &amp;apos;amd64&amp;apos;, os.version: &amp;apos;6.2&amp;apos;, java.version: &amp;apos;1.8.0_162&amp;apos;
Driver info: org.openqa.selenium.chrome.ChromeDriver
Capabilities {acceptInsecureCerts: false, acceptSslCerts: false, applicationCacheEnabled: false, browserConnectionEnabled: false, browserName: chrome, chrome: {chromedriverVersion: 2.36.540470 (e522d04694c7eb..., userDataDir: C:\Users\shopqa\AppData\Loc...}, cssSelectorsEnabled: true, databaseEnabled: false, handlesAlerts: true, hasTouchScreen: false, javascriptEnabled: true, locationContextEnabled: true, mobileEmulationEnabled: false, nativeEvents: true, networkConnectionEnabled: false, pageLoadStrategy: normal, platform: XP, platformName: XP, rotatable: false, setWindowRect: true, takesHeapSnapshot: true, takesScreenshot: true, unexpectedAlertBehaviour: , unhandledPromptBehavior: , version: 65.0.3325.181, webStorageEnabled: true}
Session ID: 114aab2d6b65282616857df86281803c">
      <![CDATA[org.openqa.selenium.NoSuchSessionException: no such session
  (Driver info: chromedriver=2.36.540470 (e522d04694c7ebea4ba8821272dbef4f9b818c91),platform=Windows NT 6.2.9200 x86_64) (WARNING: The server did not provide any stacktrace information)
Command duration or timeout: 0 milliseconds
Build info: version: '3.8.0', revision: '924c4067df', time: '2017-11-30T11:37:19.049Z'
System info: host: 'SHOPREDESIGN02', ip: '10.0.9.5', os.name: 'Windows Server 2012', os.arch: 'amd64', os.version: '6.2', java.version: '1.8.0_162'
Driver info: org.openqa.selenium.chrome.ChromeDriver
Capabilities {acceptInsecureCerts: false, acceptSslCerts: false, applicationCacheEnabled: false, browserConnectionEnabled: false, browserName: chrome, chrome: {chromedriverVersion: 2.36.540470 (e522d04694c7eb..., userDataDir: C:\Users\shopqa\AppData\Loc...}, cssSelectorsEnabled: true, databaseEnabled: false, handlesAlerts: true, hasTouchScreen: false, javascriptEnabled: true, locationContextEnabled: true, mobileEmulationEnabled: false, nativeEvents: true, networkConnectionEnabled: false, pageLoadStrategy: normal, platform: XP, platformName: XP, rotatable: false, setWindowRect: true, takesHeapSnapshot: true, takesScreenshot: true, unexpectedAlertBehaviour: , unhandledPromptBehavior: , version: 65.0.3325.181, webStorageEnabled: true}
Session ID: 114aab2d6b65282616857df86281803c
at org.openqa.selenium.remote.ErrorHandler.createThrowable(ErrorHandler.java:214)
at org.openqa.selenium.remote.ErrorHandler.throwIfResponseFailed(ErrorHandler.java:166)
at org.openqa.selenium.remote.http.JsonHttpResponseCodec.reconstructValue(JsonHttpResponseCodec.java:40)
at org.openqa.selenium.remote.http.AbstractHttpResponseCodec.decode(AbstractHttpResponseCodec.java:80)
at org.openqa.selenium.remote.http.AbstractHttpResponseCodec.decode(AbstractHttpResponseCodec.java:44)
at org.openqa.selenium.remote.HttpCommandExecutor.execute(HttpCommandExecutor.java:164)
at org.openqa.selenium.remote.service.DriverCommandExecutor.execute(DriverCommandExecutor.java:83)
at org.openqa.selenium.remote.RemoteWebDriver.execute(RemoteWebDriver.java:601)
at org.openqa.selenium.remote.RemoteWebDriver.execute(RemoteWebDriver.java:658)
at org.openqa.selenium.remote.RemoteWebDriver.close(RemoteWebDriver.java:487)
at bsiShopRedesignBase.BaseTest.tearDown(BaseTest.java:139)
... Removed 29 stack frames]]>
    </failure>
  </testcase> <!-- @AfterClass tearDown -->
  <testcase name="@AfterClass extentQuit" time="0.0" classname="bsiShopRedesignBase.BaseTest">
    <skipped/>
  </testcase> <!-- @AfterClass extentQuit -->
  <testcase name="@AfterClass tearDown" time="0.0" classname="bsiShopRedesignBase.BaseTest">
    <skipped/>
  </testcase> <!-- @AfterClass tearDown -->
  <testcase name="@AfterClass extentQuit" time="0.0" classname="bsiShopRedesignBase.BaseTest">
    <skipped/>
  </testcase> <!-- @AfterClass extentQuit -->
  <testcase name="@AfterClass tearDown" time="0.0" classname="bsiShopRedesignBase.BaseTest">
    <skipped/>
  </testcase> <!-- @AfterClass tearDown -->
  <testcase name="@AfterClass extentQuit" time="0.0" classname="bsiShopRedesignBase.BaseTest">
    <skipped/>
  </testcase> <!-- @AfterClass extentQuit -->
  <testcase name="@AfterClass tearDown" time="0.0" classname="bsiShopRedesignBase.BaseTest">
    <skipped/>
  </testcase> <!-- @AfterClass tearDown -->
  <testcase name="regBSOLQuote" time="130.761" classname="bsiShopRedesignSprint2.RegisterSubscriptions"/>
  <testcase name="signInMember" time="33.718" classname="bsiShopRedesignSprint2.VerifyMemberTab">
    <failure type="java.lang.AssertionError" message="Test Data path not found">
      <![CDATA[java.lang.AssertionError: Test Data path not found
at utilities.CommonHelper.reportFailure(CommonHelper.java:66)
at utilities.CommonHelper.readPropertiesFile(CommonHelper.java:97)
at bsiShopRedesignBase.SignInPage.memberLogin(SignInPage.java:214)
at bsiShopRedesignSprint2.VerifyMemberTab.signInMember(VerifyMemberTab.java:26)
... Removed 26 stack frames]]>
    </failure>
  </testcase> <!-- signInMember -->
  <testcase name="createRegUserUKProfile" time="100.001" classname="bsiShopRedesignSprint4and5.RegistrationsWithDiffProfile">
    <failure type="java.lang.AssertionError" message="Verification of registration details was unsuccessful">
      <![CDATA[java.lang.AssertionError: Verification of registration details was unsuccessful
at utilities.CommonHelper.reportFailure(CommonHelper.java:66)
at bsiShopRedesignBase.HomePage.verifyReg(HomePage.java:367)
at bsiShopRedesignSprint4and5.RegistrationsWithDiffProfile.createRegUserUKProfile(RegistrationsWithDiffProfile.java:35)
... Removed 26 stack frames]]>
    </failure>
  </testcase> <!-- createRegUserUKProfile -->
  <testcase name="signInMember" time="33.719" classname="bsiShopRedesignSprint4and5.VerifyMemberProfile">
    <failure type="java.lang.AssertionError" message="Test Data path not found">
      <![CDATA[java.lang.AssertionError: Test Data path not found
at utilities.CommonHelper.reportFailure(CommonHelper.java:66)
at utilities.CommonHelper.readPropertiesFile(CommonHelper.java:97)
at bsiShopRedesignBase.SignInPage.memberNewLogin(SignInPage.java:254)
at bsiShopRedesignSprint4and5.VerifyMemberProfile.signInMember(VerifyMemberProfile.java:26)
... Removed 26 stack frames]]>
    </failure>
  </testcase> <!-- signInMember -->
  <testcase name="signInMember" time="34.166" classname="bsiShopRedesignSprint4and5.AddInvoiceToBasketFromMemTab">
    <failure type="java.lang.AssertionError" message="Test Data path not found">
      <![CDATA[java.lang.AssertionError: Test Data path not found
at utilities.CommonHelper.reportFailure(CommonHelper.java:66)
at utilities.CommonHelper.readPropertiesFile(CommonHelper.java:97)
at bsiShopRedesignBase.SignInPage.memberNewLogin(SignInPage.java:254)
at bsiShopRedesignSprint4and5.AddInvoiceToBasketFromMemTab.signInMember(AddInvoiceToBasketFromMemTab.java:27)
... Removed 26 stack frames]]>
    </failure>
  </testcase> <!-- signInMember -->
  <testcase name="regCNQuote" time="334.198" classname="bsiShopRedesignSprint2.RegisterSubscriptions">
    <failure type="java.lang.AssertionError" message="Click on Request a Quote was unsuccessful">
      <![CDATA[java.lang.AssertionError: Click on Request a Quote was unsuccessful
at utilities.CommonHelper.reportFailure(CommonHelper.java:66)
at bsiShopReDesignPage.SubscriptionsPage.clickRequestQuote(SubscriptionsPage.java:57)
at bsiShopRedesignSprint2.RegisterSubscriptions.regCNQuote(RegisterSubscriptions.java:75)
... Removed 26 stack frames]]>
    </failure>
  </testcase> <!-- regCNQuote -->
  <testcase name="verifyStatus" time="120.414" classname="bsiShopRedesignSprint2.VerifyMemberTab">
    <failure type="java.lang.AssertionError" message="Check membership status was unsuccessful">
      <![CDATA[java.lang.AssertionError: Check membership status was unsuccessful
at utilities.CommonHelper.reportFailure(CommonHelper.java:66)
at bsiShopReDesignPage.MyProfileMemberPage.verifyMemberStatus(MyProfileMemberPage.java:48)
at bsiShopRedesignSprint2.VerifyMemberTab.verifyStatus(VerifyMemberTab.java:49)
... Removed 26 stack frames]]>
    </failure>
  </testcase> <!-- verifyStatus -->
  <testcase name="createRegUserNonUKProfile" time="4.098" classname="bsiShopRedesignSprint4and5.RegistrationsWithDiffProfile">
    <failure type="java.lang.AssertionError" message="no such session
  (Driver info: chromedriver=2.36.540470 (e522d04694c7ebea4ba8821272dbef4f9b818c91),platform=Windows NT 6.2.9200 x86_64) (WARNING: The server did not provide any stacktrace information)
Command duration or timeout: 0 milliseconds
Build info: version: &amp;apos;3.8.0&amp;apos;, revision: &amp;apos;924c4067df&amp;apos;, time: &amp;apos;2017-11-30T11:37:19.049Z&amp;apos;
System info: host: &amp;apos;SHOPREDESIGN02&amp;apos;, ip: &amp;apos;10.0.9.5&amp;apos;, os.name: &amp;apos;Windows Server 2012&amp;apos;, os.arch: &amp;apos;amd64&amp;apos;, os.version: &amp;apos;6.2&amp;apos;, java.version: &amp;apos;1.8.0_162&amp;apos;
Driver info: org.openqa.selenium.chrome.ChromeDriver
Capabilities {acceptInsecureCerts: false, acceptSslCerts: false, applicationCacheEnabled: false, browserConnectionEnabled: false, browserName: chrome, chrome: {chromedriverVersion: 2.36.540470 (e522d04694c7eb..., userDataDir: C:\Users\shopqa\AppData\Loc...}, cssSelectorsEnabled: true, databaseEnabled: false, handlesAlerts: true, hasTouchScreen: false, javascriptEnabled: true, locationContextEnabled: true, mobileEmulationEnabled: false, nativeEvents: true, networkConnectionEnabled: false, pageLoadStrategy: normal, platform: XP, platformName: XP, rotatable: false, setWindowRect: true, takesHeapSnapshot: true, takesScreenshot: true, unexpectedAlertBehaviour: , unhandledPromptBehavior: , version: 65.0.3325.181, webStorageEnabled: true}
Session ID: 114aab2d6b65282616857df86281803c">
      <![CDATA[java.lang.AssertionError: no such session
  (Driver info: chromedriver=2.36.540470 (e522d04694c7ebea4ba8821272dbef4f9b818c91),platform=Windows NT 6.2.9200 x86_64) (WARNING: The server did not provide any stacktrace information)
Command duration or timeout: 0 milliseconds
Build info: version: '3.8.0', revision: '924c4067df', time: '2017-11-30T11:37:19.049Z'
System info: host: 'SHOPREDESIGN02', ip: '10.0.9.5', os.name: 'Windows Server 2012', os.arch: 'amd64', os.version: '6.2', java.version: '1.8.0_162'
Driver info: org.openqa.selenium.chrome.ChromeDriver
Capabilities {acceptInsecureCerts: false, acceptSslCerts: false, applicationCacheEnabled: false, browserConnectionEnabled: false, browserName: chrome, chrome: {chromedriverVersion: 2.36.540470 (e522d04694c7eb..., userDataDir: C:\Users\shopqa\AppData\Loc...}, cssSelectorsEnabled: true, databaseEnabled: false, handlesAlerts: true, hasTouchScreen: false, javascriptEnabled: true, locationContextEnabled: true, mobileEmulationEnabled: false, nativeEvents: true, networkConnectionEnabled: false, pageLoadStrategy: normal, platform: XP, platformName: XP, rotatable: false, setWindowRect: true, takesHeapSnapshot: true, takesScreenshot: true, unexpectedAlertBehaviour: , unhandledPromptBehavior: , version: 65.0.3325.181, webStorageEnabled: true}
Session ID: 114aab2d6b65282616857df86281803c
at bsiShopRedesignSprint4and5.RegistrationsWithDiffProfile.createRegUserNonUKProfile(RegistrationsWithDiffProfile.java:80)
... Removed 26 stack frames]]>
    </failure>
  </testcase> <!-- createRegUserNonUKProfile -->
  <testcase name="verifyMemberTab" time="0.0" classname="bsiShopRedesignSprint4and5.VerifyMemberProfile">
    <skipped/>
  </testcase> <!-- verifyMemberTab -->
  <testcase name="AddInvoiceToBasket" time="0.0" classname="bsiShopRedesignSprint4and5.AddInvoiceToBasketFromMemTab">
    <skipped/>
  </testcase> <!-- AddInvoiceToBasket -->
  <testcase name="regEurocodes" time="0.0" classname="bsiShopRedesignSprint2.RegisterSubscriptions">
    <skipped/>
  </testcase> <!-- regEurocodes -->
  <testcase name="@AfterSuite quit" time="0.0" classname="bsiShopRedesignBase.BaseTest">
    <ignored/>
  </testcase> <!-- @AfterSuite quit -->
  <testcase name="@AfterSuite quit" time="0.0" classname="bsiShopRedesignBase.BaseTest">
    <ignored/>
  </testcase> <!-- @AfterSuite quit -->
  <testcase name="@AfterSuite quit" time="0.0" classname="bsiShopRedesignBase.BaseTest">
    <ignored/>
  </testcase> <!-- @AfterSuite quit -->
  <testcase name="@AfterSuite quit" time="0.0" classname="bsiShopRedesignBase.BaseTest">
    <ignored/>
  </testcase> <!-- @AfterSuite quit -->
  <testcase name="@BeforeSuite getDriverInstance" time="0.0" classname="bsiShopRedesignBase.BaseTest">
    <ignored/>
  </testcase> <!-- @BeforeSuite getDriverInstance -->
  <testcase name="@BeforeSuite getDriverInstance" time="0.0" classname="bsiShopRedesignBase.BaseTest">
    <ignored/>
  </testcase> <!-- @BeforeSuite getDriverInstance -->
  <testcase name="@BeforeSuite getDriverInstance" time="0.0" classname="bsiShopRedesignBase.BaseTest">
    <ignored/>
  </testcase> <!-- @BeforeSuite getDriverInstance -->
  <testcase name="@BeforeSuite getDriverInstance" time="0.0" classname="bsiShopRedesignBase.BaseTest">
    <ignored/>
  </testcase> <!-- @BeforeSuite getDriverInstance -->
</testsuite> <!-- Chrome Browser -->
