<?xml version="1.0" encoding="UTF-8"?>
<!-- Generated by org.testng.reporters.JUnitXMLReporter -->
<testsuite hostname="01HW1045896" name="Firefox Test" tests="1" failures="0" timestamp="27 Nov 2017 14:08:45 GMT" time="11.474" errors="0">
  <testcase name="@BeforeClass beforeTest" time="0.0" classname="bsiShopRedesign.TestProducts">
    <failure type="org.openqa.selenium.WebDriverException" message="Failed to find width field
Build info: version: &amp;apos;3.5.2&amp;apos;, revision: &amp;apos;10229a9020&amp;apos;, time: &amp;apos;2017-08-21T17:54:21.164Z&amp;apos;
System info: host: &amp;apos;01HW1045896&amp;apos;, ip: &amp;apos;10.135.49.78&amp;apos;, os.name: &amp;apos;Windows 10&amp;apos;, os.arch: &amp;apos;amd64&amp;apos;, os.version: &amp;apos;10.0&amp;apos;, java.version: &amp;apos;1.8.0_144&amp;apos;
Driver info: org.openqa.selenium.firefox.FirefoxDriver
Capabilities [{moz:profile=C:\Users\529373\AppData\Local\Temp\rust_mozprofile.kCeZtrD0fh0I, rotatable=false, timeouts={implicit=0, pageLoad=300000, script=30000}, pageLoadStrategy=normal, platform=ANY, specificationLevel=0, moz:accessibilityChecks=false, acceptInsecureCerts=false, browserVersion=54.0.1, platformVersion=10.0, moz:processID=11184, browserName=firefox, javascriptEnabled=true, platformName=windows_nt}]
Session ID: 6d77f69b-cb0a-4757-8307-bcd8930a9c2d">
      <![CDATA[org.openqa.selenium.WebDriverException: Failed to find width field
Build info: version: '3.5.2', revision: '10229a9020', time: '2017-08-21T17:54:21.164Z'
System info: host: '01HW1045896', ip: '10.135.49.78', os.name: 'Windows 10', os.arch: 'amd64', os.version: '10.0', java.version: '1.8.0_144'
Driver info: org.openqa.selenium.firefox.FirefoxDriver
Capabilities [{moz:profile=C:\Users\529373\AppData\Local\Temp\rust_mozprofile.kCeZtrD0fh0I, rotatable=false, timeouts={implicit=0, pageLoad=300000, script=30000}, pageLoadStrategy=normal, platform=ANY, specificationLevel=0, moz:accessibilityChecks=false, acceptInsecureCerts=false, browserVersion=54.0.1, platformVersion=10.0, moz:processID=11184, browserName=firefox, javascriptEnabled=true, platformName=windows_nt}]
Session ID: 6d77f69b-cb0a-4757-8307-bcd8930a9c2d
	at org.openqa.selenium.remote.http.W3CHttpResponseCodec.createException(W3CHttpResponseCodec.java:185)
	at org.openqa.selenium.remote.http.W3CHttpResponseCodec.decode(W3CHttpResponseCodec.java:120)
	at org.openqa.selenium.remote.http.W3CHttpResponseCodec.decode(W3CHttpResponseCodec.java:49)
	at org.openqa.selenium.remote.HttpCommandExecutor.execute(HttpCommandExecutor.java:164)
	at org.openqa.selenium.remote.service.DriverCommandExecutor.execute(DriverCommandExecutor.java:82)
	at org.openqa.selenium.remote.RemoteWebDriver.execute(RemoteWebDriver.java:641)
	at org.openqa.selenium.remote.RemoteWebDriver.execute(RemoteWebDriver.java:698)
	at org.openqa.selenium.remote.RemoteWebDriver$RemoteWebDriverOptions$RemoteWindow.maximize(RemoteWebDriver.java:929)
	at bsiShopRedesign.BaseTest.beforeTest(BaseTest.java:63)
... Removed 28 stack frames]]>
    </failure>
  </testcase> <!-- @BeforeClass beforeTest -->
  <testcase name="@AfterClass tearDown" time="0.0" classname="bsiShopRedesign.TestProducts">
    <skipped/>
  </testcase> <!-- @AfterClass tearDown -->
  <testcase name="searchProductTest5" time="0.001" classname="bsiShopRedesign.TestProducts">
    <skipped/>
  </testcase> <!-- searchProductTest5 -->
</testsuite> <!-- Firefox Test -->
