<!DOCTYPE html PUBLIC "-//W3C//DTD XHTML 1.1//EN" "http://www.w3.org/TR/xhtml11/DTD/xhtml11.dtd">
<html xmlns="http://www.w3.org/1999/xhtml">
<head>
<meta http-equiv="content-type" content="text/html; charset=UTF-8"/>
<title>TestNG Report</title>
<style type="text/css">table {margin-bottom:10px;border-collapse:collapse;empty-cells:show}th,td {border:1px solid #009;padding:.25em .5em}th {vertical-align:bottom}td {vertical-align:top}table a {font-weight:bold}.stripe td {background-color: #E6EBF9}.num {text-align:right}.passedodd td {background-color: #3F3}.passedeven td {background-color: #0A0}.skippedodd td {background-color: #DDD}.skippedeven td {background-color: #CCC}.failedodd td,.attn {background-color: #F33}.failedeven td,.stripe .attn {background-color: #D00}.stacktrace {white-space:pre;font-family:monospace}.totop {font-size:85%;text-align:center;border-bottom:2px solid #000}.invisible {display:none}</style>
</head>
<body>
<table>
<tr><th>Test</th><th># Passed</th><th># Skipped</th><th># Failed</th><th>Time (ms)</th><th>Included Groups</th><th>Excluded Groups</th></tr>
<tr><th colspan="7">Suite</th></tr>
<tr><td><a href="#t0">Chrome Browser</a></td><td class="num">1</td><td class="num attn">3</td><td class="num attn">7</td><td class="num">829,646</td><td></td><td></td></tr>
</table>
<table id='summary'><thead><tr><th>Class</th><th>Method</th><th>Start</th><th>Time (ms)</th></tr></thead><tbody><tr><th colspan="4">Suite</th></tr></tbody><tbody id="t0"><tr><th colspan="4">Chrome Browser &#8212; failed (configuration methods)</th></tr><tr class="failedeven"><td rowspan="1">bsiShopRedesignSprint4and5.RegistrationsWithDiffProfile</td><td><a href="#m0">tearDown</a></td><td rowspan="1">1523631654292</td><td rowspan="1">6</td></tr><tr><th colspan="4">Chrome Browser &#8212; failed</th></tr><tr class="failedeven"><td rowspan="1">bsiShopRedesignSprint2.RegisterSubscriptions</td><td><a href="#m1">regCNQuote</a></td><td rowspan="1">1523631190950</td><td rowspan="1">334198</td></tr><tr class="failedodd"><td rowspan="2">bsiShopRedesignSprint2.VerifyMemberTab</td><td><a href="#m2">signInMember</a></td><td rowspan="1">1523630969826</td><td rowspan="1">33718</td></tr><tr class="failedodd"><td><a href="#m3">verifyStatus</a></td><td rowspan="1">1523631525150</td><td rowspan="1">120414</td></tr><tr class="failedeven"><td rowspan="1">bsiShopRedesignSprint4and5.AddInvoiceToBasketFromMemTab</td><td><a href="#m4">signInMember</a></td><td rowspan="1">1523631156782</td><td rowspan="1">34166</td></tr><tr class="failedodd"><td rowspan="2">bsiShopRedesignSprint4and5.RegistrationsWithDiffProfile</td><td><a href="#m5">createRegUserNonUKProfile</a></td><td rowspan="1">1523631650126</td><td rowspan="1">4098</td></tr><tr class="failedodd"><td><a href="#m6">createRegUserUKProfile</a></td><td rowspan="1">1523631010151</td><td rowspan="1">100001</td></tr><tr class="failedeven"><td rowspan="1">bsiShopRedesignSprint4and5.VerifyMemberProfile</td><td><a href="#m7">signInMember</a></td><td rowspan="1">1523631116485</td><td rowspan="1">33719</td></tr><tr><th colspan="4">Chrome Browser &#8212; skipped (configuration methods)</th></tr><tr class="skippedeven"><td rowspan="3">bsiShopRedesignSprint2.RegisterSubscriptions</td><td><a href="#m8">extentQuit</a></td><td rowspan="1">1523631654321</td><td rowspan="1">0</td></tr><tr class="skippedeven"><td><a href="#m9">quit</a></td><td rowspan="1">1523631654371</td><td rowspan="1">0</td></tr><tr class="skippedeven"><td><a href="#m10">tearDown</a></td><td rowspan="1">1523631654328</td><td rowspan="1">0</td></tr><tr class="skippedodd"><td rowspan="2">bsiShopRedesignSprint4and5.AddInvoiceToBasketFromMemTab</td><td><a href="#m11">extentQuit</a></td><td rowspan="1">1523631654314</td><td rowspan="1">0</td></tr><tr class="skippedodd"><td><a href="#m12">tearDown</a></td><td rowspan="1">1523631654317</td><td rowspan="1">0</td></tr><tr class="skippedeven"><td rowspan="2">bsiShopRedesignSprint4and5.VerifyMemberProfile</td><td><a href="#m13">extentQuit</a></td><td rowspan="1">1523631654304</td><td rowspan="1">0</td></tr><tr class="skippedeven"><td><a href="#m14">tearDown</a></td><td rowspan="1">1523631654305</td><td rowspan="1">0</td></tr><tr><th colspan="4">Chrome Browser &#8212; skipped</th></tr><tr class="skippedeven"><td rowspan="1">bsiShopRedesignSprint2.RegisterSubscriptions</td><td><a href="#m15">regEurocodes</a></td><td rowspan="1">1523631654320</td><td rowspan="1">0</td></tr><tr class="skippedodd"><td rowspan="1">bsiShopRedesignSprint4and5.AddInvoiceToBasketFromMemTab</td><td><a href="#m16">AddInvoiceToBasket</a></td><td rowspan="1">1523631654311</td><td rowspan="1">0</td></tr><tr class="skippedeven"><td rowspan="1">bsiShopRedesignSprint4and5.VerifyMemberProfile</td><td><a href="#m17">verifyMemberTab</a></td><td rowspan="1">1523631654300</td><td rowspan="1">0</td></tr><tr><th colspan="4">Chrome Browser &#8212; passed</th></tr><tr class="passedeven"><td rowspan="1">bsiShopRedesignSprint2.RegisterSubscriptions</td><td><a href="#m18">regBSOLQuote</a></td><td rowspan="1">1523630832317</td><td rowspan="1">130761</td></tr></tbody>
</table>
<h2>Chrome Browser</h2><h3 id="m0">bsiShopRedesignSprint4and5.RegistrationsWithDiffProfile#tearDown</h3><table class="result"><tr><th>Exception</th></tr><tr><td><div class="stacktrace">org.openqa.selenium.NoSuchSessionException: no such session
  (Driver info: chromedriver=2.36.540470 (e522d04694c7ebea4ba8821272dbef4f9b818c91),platform=Windows NT 6.2.9200 x86_64) (WARNING: The server did not provide any stacktrace information)
Command duration or timeout: 0 milliseconds
Build info: version: &apos;3.8.0&apos;, revision: &apos;924c4067df&apos;, time: &apos;2017-11-30T11:37:19.049Z&apos;
System info: host: &apos;SHOPREDESIGN02&apos;, ip: &apos;10.0.9.5&apos;, os.name: &apos;Windows Server 2012&apos;, os.arch: &apos;amd64&apos;, os.version: &apos;6.2&apos;, java.version: &apos;1.8.0_162&apos;
Driver info: org.openqa.selenium.chrome.ChromeDriver
Capabilities {acceptInsecureCerts: false, acceptSslCerts: false, applicationCacheEnabled: false, browserConnectionEnabled: false, browserName: chrome, chrome: {chromedriverVersion: 2.36.540470 (e522d04694c7eb..., userDataDir: C:\Users\shopqa\AppData\Loc...}, cssSelectorsEnabled: true, databaseEnabled: false, handlesAlerts: true, hasTouchScreen: false, javascriptEnabled: true, locationContextEnabled: true, mobileEmulationEnabled: false, nativeEvents: true, networkConnectionEnabled: false, pageLoadStrategy: normal, platform: XP, platformName: XP, rotatable: false, setWindowRect: true, takesHeapSnapshot: true, takesScreenshot: true, unexpectedAlertBehaviour: , unhandledPromptBehavior: , version: 65.0.3325.181, webStorageEnabled: true}
Session ID: 114aab2d6b65282616857df86281803c
	at org.openqa.selenium.remote.ErrorHandler.createThrowable(ErrorHandler.java:214)
	at org.openqa.selenium.remote.ErrorHandler.throwIfResponseFailed(ErrorHandler.java:166)
	at org.openqa.selenium.remote.http.JsonHttpResponseCodec.reconstructValue(JsonHttpResponseCodec.java:40)
	at org.openqa.selenium.remote.http.AbstractHttpResponseCodec.decode(AbstractHttpResponseCodec.java:80)
	at org.openqa.selenium.remote.http.AbstractHttpResponseCodec.decode(AbstractHttpResponseCodec.java:44)
	at org.openqa.selenium.remote.HttpCommandExecutor.execute(HttpCommandExecutor.java:164)
	at org.openqa.selenium.remote.service.DriverCommandExecutor.execute(DriverCommandExecutor.java:83)
	at org.openqa.selenium.remote.RemoteWebDriver.execute(RemoteWebDriver.java:601)
	at org.openqa.selenium.remote.RemoteWebDriver.execute(RemoteWebDriver.java:658)
	at org.openqa.selenium.remote.RemoteWebDriver.close(RemoteWebDriver.java:487)
	at bsiShopRedesignBase.BaseTest.tearDown(BaseTest.java:139)
... Removed 29 stack frames</div></td></tr></table><p class="totop"><a href="#summary">back to summary</a></p>
<h3 id="m1">bsiShopRedesignSprint2.RegisterSubscriptions#regCNQuote</h3><table class="result"><tr><th>Exception</th></tr><tr><td><div class="stacktrace">java.lang.AssertionError: Click on Request a Quote was unsuccessful
	at utilities.CommonHelper.reportFailure(CommonHelper.java:66)
	at bsiShopReDesignPage.SubscriptionsPage.clickRequestQuote(SubscriptionsPage.java:57)
	at bsiShopRedesignSprint2.RegisterSubscriptions.regCNQuote(RegisterSubscriptions.java:75)
... Removed 26 stack frames</div></td></tr></table><p class="totop"><a href="#summary">back to summary</a></p>
<h3 id="m2">bsiShopRedesignSprint2.VerifyMemberTab#signInMember</h3><table class="result"><tr><th>Exception</th></tr><tr><td><div class="stacktrace">java.lang.AssertionError: Test Data path not found
	at utilities.CommonHelper.reportFailure(CommonHelper.java:66)
	at utilities.CommonHelper.readPropertiesFile(CommonHelper.java:97)
	at bsiShopRedesignBase.SignInPage.memberLogin(SignInPage.java:214)
	at bsiShopRedesignSprint2.VerifyMemberTab.signInMember(VerifyMemberTab.java:26)
... Removed 26 stack frames</div></td></tr></table><p class="totop"><a href="#summary">back to summary</a></p>
<h3 id="m3">bsiShopRedesignSprint2.VerifyMemberTab#verifyStatus</h3><table class="result"><tr><th>Exception</th></tr><tr><td><div class="stacktrace">java.lang.AssertionError: Check membership status was unsuccessful
	at utilities.CommonHelper.reportFailure(CommonHelper.java:66)
	at bsiShopReDesignPage.MyProfileMemberPage.verifyMemberStatus(MyProfileMemberPage.java:48)
	at bsiShopRedesignSprint2.VerifyMemberTab.verifyStatus(VerifyMemberTab.java:49)
... Removed 26 stack frames</div></td></tr></table><p class="totop"><a href="#summary">back to summary</a></p>
<h3 id="m4">bsiShopRedesignSprint4and5.AddInvoiceToBasketFromMemTab#signInMember</h3><table class="result"><tr><th>Exception</th></tr><tr><td><div class="stacktrace">java.lang.AssertionError: Test Data path not found
	at utilities.CommonHelper.reportFailure(CommonHelper.java:66)
	at utilities.CommonHelper.readPropertiesFile(CommonHelper.java:97)
	at bsiShopRedesignBase.SignInPage.memberNewLogin(SignInPage.java:254)
	at bsiShopRedesignSprint4and5.AddInvoiceToBasketFromMemTab.signInMember(AddInvoiceToBasketFromMemTab.java:27)
... Removed 26 stack frames</div></td></tr></table><p class="totop"><a href="#summary">back to summary</a></p>
<h3 id="m5">bsiShopRedesignSprint4and5.RegistrationsWithDiffProfile#createRegUserNonUKProfile</h3><table class="result"><tr><th>Exception</th></tr><tr><td><div class="stacktrace">java.lang.AssertionError: no such session
  (Driver info: chromedriver=2.36.540470 (e522d04694c7ebea4ba8821272dbef4f9b818c91),platform=Windows NT 6.2.9200 x86_64) (WARNING: The server did not provide any stacktrace information)
Command duration or timeout: 0 milliseconds
Build info: version: &apos;3.8.0&apos;, revision: &apos;924c4067df&apos;, time: &apos;2017-11-30T11:37:19.049Z&apos;
System info: host: &apos;SHOPREDESIGN02&apos;, ip: &apos;10.0.9.5&apos;, os.name: &apos;Windows Server 2012&apos;, os.arch: &apos;amd64&apos;, os.version: &apos;6.2&apos;, java.version: &apos;1.8.0_162&apos;
Driver info: org.openqa.selenium.chrome.ChromeDriver
Capabilities {acceptInsecureCerts: false, acceptSslCerts: false, applicationCacheEnabled: false, browserConnectionEnabled: false, browserName: chrome, chrome: {chromedriverVersion: 2.36.540470 (e522d04694c7eb..., userDataDir: C:\Users\shopqa\AppData\Loc...}, cssSelectorsEnabled: true, databaseEnabled: false, handlesAlerts: true, hasTouchScreen: false, javascriptEnabled: true, locationContextEnabled: true, mobileEmulationEnabled: false, nativeEvents: true, networkConnectionEnabled: false, pageLoadStrategy: normal, platform: XP, platformName: XP, rotatable: false, setWindowRect: true, takesHeapSnapshot: true, takesScreenshot: true, unexpectedAlertBehaviour: , unhandledPromptBehavior: , version: 65.0.3325.181, webStorageEnabled: true}
Session ID: 114aab2d6b65282616857df86281803c
	at bsiShopRedesignSprint4and5.RegistrationsWithDiffProfile.createRegUserNonUKProfile(RegistrationsWithDiffProfile.java:80)
... Removed 26 stack frames</div></td></tr></table><p class="totop"><a href="#summary">back to summary</a></p>
<h3 id="m6">bsiShopRedesignSprint4and5.RegistrationsWithDiffProfile#createRegUserUKProfile</h3><table class="result"><tr><th>Exception</th></tr><tr><td><div class="stacktrace">java.lang.AssertionError: Verification of registration details was unsuccessful
	at utilities.CommonHelper.reportFailure(CommonHelper.java:66)
	at bsiShopRedesignBase.HomePage.verifyReg(HomePage.java:367)
	at bsiShopRedesignSprint4and5.RegistrationsWithDiffProfile.createRegUserUKProfile(RegistrationsWithDiffProfile.java:35)
... Removed 26 stack frames</div></td></tr></table><p class="totop"><a href="#summary">back to summary</a></p>
<h3 id="m7">bsiShopRedesignSprint4and5.VerifyMemberProfile#signInMember</h3><table class="result"><tr><th>Exception</th></tr><tr><td><div class="stacktrace">java.lang.AssertionError: Test Data path not found
	at utilities.CommonHelper.reportFailure(CommonHelper.java:66)
	at utilities.CommonHelper.readPropertiesFile(CommonHelper.java:97)
	at bsiShopRedesignBase.SignInPage.memberNewLogin(SignInPage.java:254)
	at bsiShopRedesignSprint4and5.VerifyMemberProfile.signInMember(VerifyMemberProfile.java:26)
... Removed 26 stack frames</div></td></tr></table><p class="totop"><a href="#summary">back to summary</a></p>
<h3 id="m8">bsiShopRedesignSprint2.RegisterSubscriptions#extentQuit</h3><table class="result"><tr><th class="invisible"/></tr></table><p class="totop"><a href="#summary">back to summary</a></p>
<h3 id="m9">bsiShopRedesignSprint2.RegisterSubscriptions#quit</h3><table class="result"><tr><th class="invisible"/></tr></table><p class="totop"><a href="#summary">back to summary</a></p>
<h3 id="m10">bsiShopRedesignSprint2.RegisterSubscriptions#tearDown</h3><table class="result"><tr><th class="invisible"/></tr></table><p class="totop"><a href="#summary">back to summary</a></p>
<h3 id="m11">bsiShopRedesignSprint4and5.AddInvoiceToBasketFromMemTab#extentQuit</h3><table class="result"><tr><th class="invisible"/></tr></table><p class="totop"><a href="#summary">back to summary</a></p>
<h3 id="m12">bsiShopRedesignSprint4and5.AddInvoiceToBasketFromMemTab#tearDown</h3><table class="result"><tr><th class="invisible"/></tr></table><p class="totop"><a href="#summary">back to summary</a></p>
<h3 id="m13">bsiShopRedesignSprint4and5.VerifyMemberProfile#extentQuit</h3><table class="result"><tr><th class="invisible"/></tr></table><p class="totop"><a href="#summary">back to summary</a></p>
<h3 id="m14">bsiShopRedesignSprint4and5.VerifyMemberProfile#tearDown</h3><table class="result"><tr><th class="invisible"/></tr></table><p class="totop"><a href="#summary">back to summary</a></p>
<h3 id="m15">bsiShopRedesignSprint2.RegisterSubscriptions#regEurocodes</h3><table class="result"><tr><th>Exception</th></tr><tr><td><div class="stacktrace">org.openqa.selenium.NoSuchSessionException: no such session
  (Driver info: chromedriver=2.36.540470 (e522d04694c7ebea4ba8821272dbef4f9b818c91),platform=Windows NT 6.2.9200 x86_64) (WARNING: The server did not provide any stacktrace information)
Command duration or timeout: 0 milliseconds
Build info: version: &apos;3.8.0&apos;, revision: &apos;924c4067df&apos;, time: &apos;2017-11-30T11:37:19.049Z&apos;
System info: host: &apos;SHOPREDESIGN02&apos;, ip: &apos;10.0.9.5&apos;, os.name: &apos;Windows Server 2012&apos;, os.arch: &apos;amd64&apos;, os.version: &apos;6.2&apos;, java.version: &apos;1.8.0_162&apos;
Driver info: org.openqa.selenium.chrome.ChromeDriver
Capabilities {acceptInsecureCerts: false, acceptSslCerts: false, applicationCacheEnabled: false, browserConnectionEnabled: false, browserName: chrome, chrome: {chromedriverVersion: 2.36.540470 (e522d04694c7eb..., userDataDir: C:\Users\shopqa\AppData\Loc...}, cssSelectorsEnabled: true, databaseEnabled: false, handlesAlerts: true, hasTouchScreen: false, javascriptEnabled: true, locationContextEnabled: true, mobileEmulationEnabled: false, nativeEvents: true, networkConnectionEnabled: false, pageLoadStrategy: normal, platform: XP, platformName: XP, rotatable: false, setWindowRect: true, takesHeapSnapshot: true, takesScreenshot: true, unexpectedAlertBehaviour: , unhandledPromptBehavior: , version: 65.0.3325.181, webStorageEnabled: true}
Session ID: 114aab2d6b65282616857df86281803c
	at org.openqa.selenium.remote.ErrorHandler.createThrowable(ErrorHandler.java:214)
	at org.openqa.selenium.remote.ErrorHandler.throwIfResponseFailed(ErrorHandler.java:166)
	at org.openqa.selenium.remote.http.JsonHttpResponseCodec.reconstructValue(JsonHttpResponseCodec.java:40)
	at org.openqa.selenium.remote.http.AbstractHttpResponseCodec.decode(AbstractHttpResponseCodec.java:80)
	at org.openqa.selenium.remote.http.AbstractHttpResponseCodec.decode(AbstractHttpResponseCodec.java:44)
	at org.openqa.selenium.remote.HttpCommandExecutor.execute(HttpCommandExecutor.java:164)
	at org.openqa.selenium.remote.service.DriverCommandExecutor.execute(DriverCommandExecutor.java:83)
	at org.openqa.selenium.remote.RemoteWebDriver.execute(RemoteWebDriver.java:601)
	at org.openqa.selenium.remote.RemoteWebDriver.execute(RemoteWebDriver.java:658)
	at org.openqa.selenium.remote.RemoteWebDriver.close(RemoteWebDriver.java:487)
	at bsiShopRedesignBase.BaseTest.tearDown(BaseTest.java:139)
... Removed 29 stack frames</div></td></tr></table><p class="totop"><a href="#summary">back to summary</a></p>
<h3 id="m16">bsiShopRedesignSprint4and5.AddInvoiceToBasketFromMemTab#AddInvoiceToBasket</h3><table class="result"><tr><th>Exception</th></tr><tr><td><div class="stacktrace">org.openqa.selenium.NoSuchSessionException: no such session
  (Driver info: chromedriver=2.36.540470 (e522d04694c7ebea4ba8821272dbef4f9b818c91),platform=Windows NT 6.2.9200 x86_64) (WARNING: The server did not provide any stacktrace information)
Command duration or timeout: 0 milliseconds
Build info: version: &apos;3.8.0&apos;, revision: &apos;924c4067df&apos;, time: &apos;2017-11-30T11:37:19.049Z&apos;
System info: host: &apos;SHOPREDESIGN02&apos;, ip: &apos;10.0.9.5&apos;, os.name: &apos;Windows Server 2012&apos;, os.arch: &apos;amd64&apos;, os.version: &apos;6.2&apos;, java.version: &apos;1.8.0_162&apos;
Driver info: org.openqa.selenium.chrome.ChromeDriver
Capabilities {acceptInsecureCerts: false, acceptSslCerts: false, applicationCacheEnabled: false, browserConnectionEnabled: false, browserName: chrome, chrome: {chromedriverVersion: 2.36.540470 (e522d04694c7eb..., userDataDir: C:\Users\shopqa\AppData\Loc...}, cssSelectorsEnabled: true, databaseEnabled: false, handlesAlerts: true, hasTouchScreen: false, javascriptEnabled: true, locationContextEnabled: true, mobileEmulationEnabled: false, nativeEvents: true, networkConnectionEnabled: false, pageLoadStrategy: normal, platform: XP, platformName: XP, rotatable: false, setWindowRect: true, takesHeapSnapshot: true, takesScreenshot: true, unexpectedAlertBehaviour: , unhandledPromptBehavior: , version: 65.0.3325.181, webStorageEnabled: true}
Session ID: 114aab2d6b65282616857df86281803c
	at org.openqa.selenium.remote.ErrorHandler.createThrowable(ErrorHandler.java:214)
	at org.openqa.selenium.remote.ErrorHandler.throwIfResponseFailed(ErrorHandler.java:166)
	at org.openqa.selenium.remote.http.JsonHttpResponseCodec.reconstructValue(JsonHttpResponseCodec.java:40)
	at org.openqa.selenium.remote.http.AbstractHttpResponseCodec.decode(AbstractHttpResponseCodec.java:80)
	at org.openqa.selenium.remote.http.AbstractHttpResponseCodec.decode(AbstractHttpResponseCodec.java:44)
	at org.openqa.selenium.remote.HttpCommandExecutor.execute(HttpCommandExecutor.java:164)
	at org.openqa.selenium.remote.service.DriverCommandExecutor.execute(DriverCommandExecutor.java:83)
	at org.openqa.selenium.remote.RemoteWebDriver.execute(RemoteWebDriver.java:601)
	at org.openqa.selenium.remote.RemoteWebDriver.execute(RemoteWebDriver.java:658)
	at org.openqa.selenium.remote.RemoteWebDriver.close(RemoteWebDriver.java:487)
	at bsiShopRedesignBase.BaseTest.tearDown(BaseTest.java:139)
... Removed 29 stack frames</div></td></tr></table><p class="totop"><a href="#summary">back to summary</a></p>
<h3 id="m17">bsiShopRedesignSprint4and5.VerifyMemberProfile#verifyMemberTab</h3><table class="result"><tr><th>Exception</th></tr><tr><td><div class="stacktrace">org.openqa.selenium.NoSuchSessionException: no such session
  (Driver info: chromedriver=2.36.540470 (e522d04694c7ebea4ba8821272dbef4f9b818c91),platform=Windows NT 6.2.9200 x86_64) (WARNING: The server did not provide any stacktrace information)
Command duration or timeout: 0 milliseconds
Build info: version: &apos;3.8.0&apos;, revision: &apos;924c4067df&apos;, time: &apos;2017-11-30T11:37:19.049Z&apos;
System info: host: &apos;SHOPREDESIGN02&apos;, ip: &apos;10.0.9.5&apos;, os.name: &apos;Windows Server 2012&apos;, os.arch: &apos;amd64&apos;, os.version: &apos;6.2&apos;, java.version: &apos;1.8.0_162&apos;
Driver info: org.openqa.selenium.chrome.ChromeDriver
Capabilities {acceptInsecureCerts: false, acceptSslCerts: false, applicationCacheEnabled: false, browserConnectionEnabled: false, browserName: chrome, chrome: {chromedriverVersion: 2.36.540470 (e522d04694c7eb..., userDataDir: C:\Users\shopqa\AppData\Loc...}, cssSelectorsEnabled: true, databaseEnabled: false, handlesAlerts: true, hasTouchScreen: false, javascriptEnabled: true, locationContextEnabled: true, mobileEmulationEnabled: false, nativeEvents: true, networkConnectionEnabled: false, pageLoadStrategy: normal, platform: XP, platformName: XP, rotatable: false, setWindowRect: true, takesHeapSnapshot: true, takesScreenshot: true, unexpectedAlertBehaviour: , unhandledPromptBehavior: , version: 65.0.3325.181, webStorageEnabled: true}
Session ID: 114aab2d6b65282616857df86281803c
	at org.openqa.selenium.remote.ErrorHandler.createThrowable(ErrorHandler.java:214)
	at org.openqa.selenium.remote.ErrorHandler.throwIfResponseFailed(ErrorHandler.java:166)
	at org.openqa.selenium.remote.http.JsonHttpResponseCodec.reconstructValue(JsonHttpResponseCodec.java:40)
	at org.openqa.selenium.remote.http.AbstractHttpResponseCodec.decode(AbstractHttpResponseCodec.java:80)
	at org.openqa.selenium.remote.http.AbstractHttpResponseCodec.decode(AbstractHttpResponseCodec.java:44)
	at org.openqa.selenium.remote.HttpCommandExecutor.execute(HttpCommandExecutor.java:164)
	at org.openqa.selenium.remote.service.DriverCommandExecutor.execute(DriverCommandExecutor.java:83)
	at org.openqa.selenium.remote.RemoteWebDriver.execute(RemoteWebDriver.java:601)
	at org.openqa.selenium.remote.RemoteWebDriver.execute(RemoteWebDriver.java:658)
	at org.openqa.selenium.remote.RemoteWebDriver.close(RemoteWebDriver.java:487)
	at bsiShopRedesignBase.BaseTest.tearDown(BaseTest.java:139)
... Removed 29 stack frames</div></td></tr></table><p class="totop"><a href="#summary">back to summary</a></p>
<h3 id="m18">bsiShopRedesignSprint2.RegisterSubscriptions#regBSOLQuote</h3><table class="result"><tr><th class="invisible"/></tr></table><p class="totop"><a href="#summary">back to summary</a></p>
</body>
</html>
