<!DOCTYPE html>

<html>
  <head>
  <meta charset='utf-8'>
  <title>TestNG reports</title>

    <link type="text/css" href="testng-reports.css" rel="stylesheet" />
    <script type="text/javascript" src="jquery-1.7.1.min.js"></script>
    <script type="text/javascript" src="testng-reports.js"></script>
    <script type="text/javascript" src="https://www.google.com/jsapi"></script>
    <script type='text/javascript'>
      google.load('visualization', '1', {packages:['table']});
      google.setOnLoadCallback(drawTable);
      var suiteTableInitFunctions = new Array();
      var suiteTableData = new Array();
    </script>
    <!--
      <script type="text/javascript" src="jquery-ui/js/jquery-ui-1.8.16.custom.min.js"></script>
     -->
  </head>

  <body>
    <div class="top-banner-root">
      <span class="top-banner-title-font">Test results</span>
      <br/>
      <span class="top-banner-font-1">1 suite, 7 failed tests</span>
    </div> <!-- top-banner-root -->
    <div class="navigator-root">
      <div class="navigator-suite-header">
        <span>All suites</span>
        <a href="#" class="collapse-all-link" title="Collapse/expand all the suites">
          <img class="collapse-all-icon" src="collapseall.gif">
          </img> <!-- collapse-all-icon -->
        </a> <!-- collapse-all-link -->
      </div> <!-- navigator-suite-header -->
      <div class="suite">
        <div class="rounded-window">
          <div class="suite-header light-rounded-window-top">
            <a href="#" class="navigator-link" panel-name="suite-Suite">
              <span class="suite-name border-failed">Suite</span>
            </a> <!-- navigator-link -->
          </div> <!-- suite-header light-rounded-window-top -->
          <div class="navigator-suite-content">
            <div class="suite-section-title">
              <span>Info</span>
            </div> <!-- suite-section-title -->
            <div class="suite-section-content">
              <ul>
                <li>
                  <a href="#" class="navigator-link " panel-name="test-xml-Suite">
                    <span>C:\Users\shopqa\Downloads\BSI_FW\BSI_FW\BSI\BSI.Automation.Regression\DemoChrome.xml</span>
                  </a> <!-- navigator-link  -->
                </li>
                <li>
                  <a href="#" class="navigator-link " panel-name="testlist-Suite">
                    <span class="test-stats">1 test</span>
                  </a> <!-- navigator-link  -->
                </li>
                <li>
                  <a href="#" class="navigator-link " panel-name="group-Suite">
                    <span>0 groups</span>
                  </a> <!-- navigator-link  -->
                </li>
                <li>
                  <a href="#" class="navigator-link " panel-name="times-Suite">
                    <span>Times</span>
                  </a> <!-- navigator-link  -->
                </li>
                <li>
                  <a href="#" class="navigator-link " panel-name="reporter-Suite">
                    <span>Reporter output</span>
                  </a> <!-- navigator-link  -->
                </li>
                <li>
                  <a href="#" class="navigator-link " panel-name="ignored-methods-Suite">
                    <span>Ignored methods</span>
                  </a> <!-- navigator-link  -->
                </li>
                <li>
                  <a href="#" class="navigator-link " panel-name="chronological-Suite">
                    <span>Chronological view</span>
                  </a> <!-- navigator-link  -->
                </li>
              </ul>
            </div> <!-- suite-section-content -->
            <div class="result-section">
              <div class="suite-section-title">
                <span>Results</span>
              </div> <!-- suite-section-title -->
              <div class="suite-section-content">
                <ul>
                  <li>
                    <span class="method-stats">11 methods, 7 failed,  3 skipped,  1 passed</span>
                  </li>
                  <li>
                    <span class="method-list-title failed">Failed methods</span>
                    <span class="show-or-hide-methods failed">
                      <a href="#" panel-name="suite-Suite" class="hide-methods failed suite-Suite"> (hide)</a> <!-- hide-methods failed suite-Suite -->
                      <a href="#" panel-name="suite-Suite" class="show-methods failed suite-Suite"> (show)</a> <!-- show-methods failed suite-Suite -->
                    </span>
                    <div class="method-list-content failed suite-Suite">
                      <span>
                        <img width="3%" src="failed.png"/>
                        <a href="#" class="method navigator-link" panel-name="suite-Suite" title="bsiShopRedesignSprint4and5.RegistrationsWithDiffProfile" hash-for-method="createRegUserNonUKProfile">createRegUserNonUKProfile</a> <!-- method navigator-link -->
                      </span>
                      <br/>
                      <span>
                        <img width="3%" src="failed.png"/>
                        <a href="#" class="method navigator-link" panel-name="suite-Suite" title="bsiShopRedesignSprint4and5.RegistrationsWithDiffProfile" hash-for-method="createRegUserUKProfile">createRegUserUKProfile</a> <!-- method navigator-link -->
                      </span>
                      <br/>
                      <span>
                        <img width="3%" src="failed.png"/>
                        <a href="#" class="method navigator-link" panel-name="suite-Suite" title="bsiShopRedesignSprint2.RegisterSubscriptions" hash-for-method="regCNQuote">regCNQuote</a> <!-- method navigator-link -->
                      </span>
                      <br/>
                      <span>
                        <img width="3%" src="failed.png"/>
                        <a href="#" class="method navigator-link" panel-name="suite-Suite" title="bsiShopRedesignSprint4and5.AddInvoiceToBasketFromMemTab" hash-for-method="signInMember">signInMember</a> <!-- method navigator-link -->
                      </span>
                      <br/>
                      <span>
                        <img width="3%" src="failed.png"/>
                        <a href="#" class="method navigator-link" panel-name="suite-Suite" title="bsiShopRedesignSprint2.VerifyMemberTab" hash-for-method="signInMember">signInMember</a> <!-- method navigator-link -->
                      </span>
                      <br/>
                      <span>
                        <img width="3%" src="failed.png"/>
                        <a href="#" class="method navigator-link" panel-name="suite-Suite" title="bsiShopRedesignSprint4and5.VerifyMemberProfile" hash-for-method="signInMember">signInMember</a> <!-- method navigator-link -->
                      </span>
                      <br/>
                      <span>
                        <img width="3%" src="failed.png"/>
                        <a href="#" class="method navigator-link" panel-name="suite-Suite" title="bsiShopRedesignSprint2.VerifyMemberTab" hash-for-method="verifyStatus">verifyStatus</a> <!-- method navigator-link -->
                      </span>
                      <br/>
                    </div> <!-- method-list-content failed suite-Suite -->
                  </li>
                  <li>
                    <span class="method-list-title skipped">Skipped methods</span>
                    <span class="show-or-hide-methods skipped">
                      <a href="#" panel-name="suite-Suite" class="hide-methods skipped suite-Suite"> (hide)</a> <!-- hide-methods skipped suite-Suite -->
                      <a href="#" panel-name="suite-Suite" class="show-methods skipped suite-Suite"> (show)</a> <!-- show-methods skipped suite-Suite -->
                    </span>
                    <div class="method-list-content skipped suite-Suite">
                      <span>
                        <img width="3%" src="skipped.png"/>
                        <a href="#" class="method navigator-link" panel-name="suite-Suite" title="bsiShopRedesignSprint4and5.AddInvoiceToBasketFromMemTab" hash-for-method="AddInvoiceToBasket">AddInvoiceToBasket</a> <!-- method navigator-link -->
                      </span>
                      <br/>
                      <span>
                        <img width="3%" src="skipped.png"/>
                        <a href="#" class="method navigator-link" panel-name="suite-Suite" title="bsiShopRedesignSprint2.RegisterSubscriptions" hash-for-method="regEurocodes">regEurocodes</a> <!-- method navigator-link -->
                      </span>
                      <br/>
                      <span>
                        <img width="3%" src="skipped.png"/>
                        <a href="#" class="method navigator-link" panel-name="suite-Suite" title="bsiShopRedesignSprint4and5.VerifyMemberProfile" hash-for-method="verifyMemberTab">verifyMemberTab</a> <!-- method navigator-link -->
                      </span>
                      <br/>
                    </div> <!-- method-list-content skipped suite-Suite -->
                  </li>
                  <li>
                    <span class="method-list-title passed">Passed methods</span>
                    <span class="show-or-hide-methods passed">
                      <a href="#" panel-name="suite-Suite" class="hide-methods passed suite-Suite"> (hide)</a> <!-- hide-methods passed suite-Suite -->
                      <a href="#" panel-name="suite-Suite" class="show-methods passed suite-Suite"> (show)</a> <!-- show-methods passed suite-Suite -->
                    </span>
                    <div class="method-list-content passed suite-Suite">
                      <span>
                        <img width="3%" src="passed.png"/>
                        <a href="#" class="method navigator-link" panel-name="suite-Suite" title="bsiShopRedesignSprint2.RegisterSubscriptions" hash-for-method="regBSOLQuote">regBSOLQuote</a> <!-- method navigator-link -->
                      </span>
                      <br/>
                    </div> <!-- method-list-content passed suite-Suite -->
                  </li>
                </ul>
              </div> <!-- suite-section-content -->
            </div> <!-- result-section -->
          </div> <!-- navigator-suite-content -->
        </div> <!-- rounded-window -->
      </div> <!-- suite -->
    </div> <!-- navigator-root -->
    <div class="wrapper">
      <div class="main-panel-root">
        <div panel-name="suite-Suite" class="panel Suite">
          <div class="suite-Suite-class-failed">
            <div class="main-panel-header rounded-window-top">
              <img src="failed.png"/>
              <span class="class-name">bsiShopRedesignSprint2.VerifyMemberTab</span>
            </div> <!-- main-panel-header rounded-window-top -->
            <div class="main-panel-content rounded-window-bottom">
              <div class="method">
                <div class="method-content">
                  <a name="signInMember">
                  </a> <!-- signInMember -->
                  <span class="method-name">signInMember</span>
                  <div class="stack-trace">java.lang.AssertionError: Test Data path not found
	at utilities.CommonHelper.reportFailure(CommonHelper.java:66)
	at utilities.CommonHelper.readPropertiesFile(CommonHelper.java:97)
	at bsiShopRedesignBase.SignInPage.memberLogin(SignInPage.java:214)
	at bsiShopRedesignSprint2.VerifyMemberTab.signInMember(VerifyMemberTab.java:26)
... Removed 26 stack frames
</div> <!-- stack-trace -->
                </div> <!-- method-content -->
              </div> <!-- method -->
              <div class="method">
                <div class="method-content">
                  <a name="verifyStatus">
                  </a> <!-- verifyStatus -->
                  <span class="method-name">verifyStatus</span>
                  <div class="stack-trace">java.lang.AssertionError: Check membership status was unsuccessful
	at utilities.CommonHelper.reportFailure(CommonHelper.java:66)
	at bsiShopReDesignPage.MyProfileMemberPage.verifyMemberStatus(MyProfileMemberPage.java:48)
	at bsiShopRedesignSprint2.VerifyMemberTab.verifyStatus(VerifyMemberTab.java:49)
... Removed 26 stack frames
</div> <!-- stack-trace -->
                </div> <!-- method-content -->
              </div> <!-- method -->
            </div> <!-- main-panel-content rounded-window-bottom -->
          </div> <!-- suite-Suite-class-failed -->
          <div class="suite-Suite-class-failed">
            <div class="main-panel-header rounded-window-top">
              <img src="failed.png"/>
              <span class="class-name">bsiShopRedesignSprint4and5.RegistrationsWithDiffProfile</span>
            </div> <!-- main-panel-header rounded-window-top -->
            <div class="main-panel-content rounded-window-bottom">
              <div class="method">
                <div class="method-content">
                  <a name="createRegUserNonUKProfile">
                  </a> <!-- createRegUserNonUKProfile -->
                  <span class="method-name">createRegUserNonUKProfile</span>
                  <div class="stack-trace">java.lang.AssertionError: no such session
  (Driver info: chromedriver=2.36.540470 (e522d04694c7ebea4ba8821272dbef4f9b818c91),platform=Windows NT 6.2.9200 x86_64) (WARNING: The server did not provide any stacktrace information)
Command duration or timeout: 0 milliseconds
Build info: version: &apos;3.8.0&apos;, revision: &apos;924c4067df&apos;, time: &apos;2017-11-30T11:37:19.049Z&apos;
System info: host: &apos;SHOPREDESIGN02&apos;, ip: &apos;10.0.9.5&apos;, os.name: &apos;Windows Server 2012&apos;, os.arch: &apos;amd64&apos;, os.version: &apos;6.2&apos;, java.version: &apos;1.8.0_162&apos;
Driver info: org.openqa.selenium.chrome.ChromeDriver
Capabilities {acceptInsecureCerts: false, acceptSslCerts: false, applicationCacheEnabled: false, browserConnectionEnabled: false, browserName: chrome, chrome: {chromedriverVersion: 2.36.540470 (e522d04694c7eb..., userDataDir: C:\Users\shopqa\AppData\Loc...}, cssSelectorsEnabled: true, databaseEnabled: false, handlesAlerts: true, hasTouchScreen: false, javascriptEnabled: true, locationContextEnabled: true, mobileEmulationEnabled: false, nativeEvents: true, networkConnectionEnabled: false, pageLoadStrategy: normal, platform: XP, platformName: XP, rotatable: false, setWindowRect: true, takesHeapSnapshot: true, takesScreenshot: true, unexpectedAlertBehaviour: , unhandledPromptBehavior: , version: 65.0.3325.181, webStorageEnabled: true}
Session ID: 114aab2d6b65282616857df86281803c
	at bsiShopRedesignSprint4and5.RegistrationsWithDiffProfile.createRegUserNonUKProfile(RegistrationsWithDiffProfile.java:80)
... Removed 26 stack frames
</div> <!-- stack-trace -->
                </div> <!-- method-content -->
              </div> <!-- method -->
              <div class="method">
                <div class="method-content">
                  <a name="createRegUserUKProfile">
                  </a> <!-- createRegUserUKProfile -->
                  <span class="method-name">createRegUserUKProfile</span>
                  <div class="stack-trace">java.lang.AssertionError: Verification of registration details was unsuccessful
	at utilities.CommonHelper.reportFailure(CommonHelper.java:66)
	at bsiShopRedesignBase.HomePage.verifyReg(HomePage.java:367)
	at bsiShopRedesignSprint4and5.RegistrationsWithDiffProfile.createRegUserUKProfile(RegistrationsWithDiffProfile.java:35)
... Removed 26 stack frames
</div> <!-- stack-trace -->
                </div> <!-- method-content -->
              </div> <!-- method -->
            </div> <!-- main-panel-content rounded-window-bottom -->
          </div> <!-- suite-Suite-class-failed -->
          <div class="suite-Suite-class-failed">
            <div class="main-panel-header rounded-window-top">
              <img src="failed.png"/>
              <span class="class-name">bsiShopRedesignSprint4and5.VerifyMemberProfile</span>
            </div> <!-- main-panel-header rounded-window-top -->
            <div class="main-panel-content rounded-window-bottom">
              <div class="method">
                <div class="method-content">
                  <a name="signInMember">
                  </a> <!-- signInMember -->
                  <span class="method-name">signInMember</span>
                  <div class="stack-trace">java.lang.AssertionError: Test Data path not found
	at utilities.CommonHelper.reportFailure(CommonHelper.java:66)
	at utilities.CommonHelper.readPropertiesFile(CommonHelper.java:97)
	at bsiShopRedesignBase.SignInPage.memberNewLogin(SignInPage.java:254)
	at bsiShopRedesignSprint4and5.VerifyMemberProfile.signInMember(VerifyMemberProfile.java:26)
... Removed 26 stack frames
</div> <!-- stack-trace -->
                </div> <!-- method-content -->
              </div> <!-- method -->
            </div> <!-- main-panel-content rounded-window-bottom -->
          </div> <!-- suite-Suite-class-failed -->
          <div class="suite-Suite-class-failed">
            <div class="main-panel-header rounded-window-top">
              <img src="failed.png"/>
              <span class="class-name">bsiShopRedesignSprint4and5.AddInvoiceToBasketFromMemTab</span>
            </div> <!-- main-panel-header rounded-window-top -->
            <div class="main-panel-content rounded-window-bottom">
              <div class="method">
                <div class="method-content">
                  <a name="signInMember">
                  </a> <!-- signInMember -->
                  <span class="method-name">signInMember</span>
                  <div class="stack-trace">java.lang.AssertionError: Test Data path not found
	at utilities.CommonHelper.reportFailure(CommonHelper.java:66)
	at utilities.CommonHelper.readPropertiesFile(CommonHelper.java:97)
	at bsiShopRedesignBase.SignInPage.memberNewLogin(SignInPage.java:254)
	at bsiShopRedesignSprint4and5.AddInvoiceToBasketFromMemTab.signInMember(AddInvoiceToBasketFromMemTab.java:27)
... Removed 26 stack frames
</div> <!-- stack-trace -->
                </div> <!-- method-content -->
              </div> <!-- method -->
            </div> <!-- main-panel-content rounded-window-bottom -->
          </div> <!-- suite-Suite-class-failed -->
          <div class="suite-Suite-class-failed">
            <div class="main-panel-header rounded-window-top">
              <img src="failed.png"/>
              <span class="class-name">bsiShopRedesignSprint2.RegisterSubscriptions</span>
            </div> <!-- main-panel-header rounded-window-top -->
            <div class="main-panel-content rounded-window-bottom">
              <div class="method">
                <div class="method-content">
                  <a name="regCNQuote">
                  </a> <!-- regCNQuote -->
                  <span class="method-name">regCNQuote</span>
                  <div class="stack-trace">java.lang.AssertionError: Click on Request a Quote was unsuccessful
	at utilities.CommonHelper.reportFailure(CommonHelper.java:66)
	at bsiShopReDesignPage.SubscriptionsPage.clickRequestQuote(SubscriptionsPage.java:57)
	at bsiShopRedesignSprint2.RegisterSubscriptions.regCNQuote(RegisterSubscriptions.java:75)
... Removed 26 stack frames
</div> <!-- stack-trace -->
                </div> <!-- method-content -->
              </div> <!-- method -->
            </div> <!-- main-panel-content rounded-window-bottom -->
          </div> <!-- suite-Suite-class-failed -->
          <div class="suite-Suite-class-skipped">
            <div class="main-panel-header rounded-window-top">
              <img src="skipped.png"/>
              <span class="class-name">bsiShopRedesignSprint4and5.VerifyMemberProfile</span>
            </div> <!-- main-panel-header rounded-window-top -->
            <div class="main-panel-content rounded-window-bottom">
              <div class="method">
                <div class="method-content">
                  <a name="verifyMemberTab">
                  </a> <!-- verifyMemberTab -->
                  <span class="method-name">verifyMemberTab</span>
                  <div class="stack-trace">org.openqa.selenium.NoSuchSessionException: no such session
  (Driver info: chromedriver=2.36.540470 (e522d04694c7ebea4ba8821272dbef4f9b818c91),platform=Windows NT 6.2.9200 x86_64) (WARNING: The server did not provide any stacktrace information)
Command duration or timeout: 0 milliseconds
Build info: version: &apos;3.8.0&apos;, revision: &apos;924c4067df&apos;, time: &apos;2017-11-30T11:37:19.049Z&apos;
System info: host: &apos;SHOPREDESIGN02&apos;, ip: &apos;10.0.9.5&apos;, os.name: &apos;Windows Server 2012&apos;, os.arch: &apos;amd64&apos;, os.version: &apos;6.2&apos;, java.version: &apos;1.8.0_162&apos;
Driver info: org.openqa.selenium.chrome.ChromeDriver
Capabilities {acceptInsecureCerts: false, acceptSslCerts: false, applicationCacheEnabled: false, browserConnectionEnabled: false, browserName: chrome, chrome: {chromedriverVersion: 2.36.540470 (e522d04694c7eb..., userDataDir: C:\Users\shopqa\AppData\Loc...}, cssSelectorsEnabled: true, databaseEnabled: false, handlesAlerts: true, hasTouchScreen: false, javascriptEnabled: true, locationContextEnabled: true, mobileEmulationEnabled: false, nativeEvents: true, networkConnectionEnabled: false, pageLoadStrategy: normal, platform: XP, platformName: XP, rotatable: false, setWindowRect: true, takesHeapSnapshot: true, takesScreenshot: true, unexpectedAlertBehaviour: , unhandledPromptBehavior: , version: 65.0.3325.181, webStorageEnabled: true}
Session ID: 114aab2d6b65282616857df86281803c
	at org.openqa.selenium.remote.ErrorHandler.createThrowable(ErrorHandler.java:214)
	at org.openqa.selenium.remote.ErrorHandler.throwIfResponseFailed(ErrorHandler.java:166)
	at org.openqa.selenium.remote.http.JsonHttpResponseCodec.reconstructValue(JsonHttpResponseCodec.java:40)
	at org.openqa.selenium.remote.http.AbstractHttpResponseCodec.decode(AbstractHttpResponseCodec.java:80)
	at org.openqa.selenium.remote.http.AbstractHttpResponseCodec.decode(AbstractHttpResponseCodec.java:44)
	at org.openqa.selenium.remote.HttpCommandExecutor.execute(HttpCommandExecutor.java:164)
	at org.openqa.selenium.remote.service.DriverCommandExecutor.execute(DriverCommandExecutor.java:83)
	at org.openqa.selenium.remote.RemoteWebDriver.execute(RemoteWebDriver.java:601)
	at org.openqa.selenium.remote.RemoteWebDriver.execute(RemoteWebDriver.java:658)
	at org.openqa.selenium.remote.RemoteWebDriver.close(RemoteWebDriver.java:487)
	at bsiShopRedesignBase.BaseTest.tearDown(BaseTest.java:139)
... Removed 29 stack frames
</div> <!-- stack-trace -->
                </div> <!-- method-content -->
              </div> <!-- method -->
            </div> <!-- main-panel-content rounded-window-bottom -->
          </div> <!-- suite-Suite-class-skipped -->
          <div class="suite-Suite-class-skipped">
            <div class="main-panel-header rounded-window-top">
              <img src="skipped.png"/>
              <span class="class-name">bsiShopRedesignSprint4and5.AddInvoiceToBasketFromMemTab</span>
            </div> <!-- main-panel-header rounded-window-top -->
            <div class="main-panel-content rounded-window-bottom">
              <div class="method">
                <div class="method-content">
                  <a name="AddInvoiceToBasket">
                  </a> <!-- AddInvoiceToBasket -->
                  <span class="method-name">AddInvoiceToBasket</span>
                  <div class="stack-trace">org.openqa.selenium.NoSuchSessionException: no such session
  (Driver info: chromedriver=2.36.540470 (e522d04694c7ebea4ba8821272dbef4f9b818c91),platform=Windows NT 6.2.9200 x86_64) (WARNING: The server did not provide any stacktrace information)
Command duration or timeout: 0 milliseconds
Build info: version: &apos;3.8.0&apos;, revision: &apos;924c4067df&apos;, time: &apos;2017-11-30T11:37:19.049Z&apos;
System info: host: &apos;SHOPREDESIGN02&apos;, ip: &apos;10.0.9.5&apos;, os.name: &apos;Windows Server 2012&apos;, os.arch: &apos;amd64&apos;, os.version: &apos;6.2&apos;, java.version: &apos;1.8.0_162&apos;
Driver info: org.openqa.selenium.chrome.ChromeDriver
Capabilities {acceptInsecureCerts: false, acceptSslCerts: false, applicationCacheEnabled: false, browserConnectionEnabled: false, browserName: chrome, chrome: {chromedriverVersion: 2.36.540470 (e522d04694c7eb..., userDataDir: C:\Users\shopqa\AppData\Loc...}, cssSelectorsEnabled: true, databaseEnabled: false, handlesAlerts: true, hasTouchScreen: false, javascriptEnabled: true, locationContextEnabled: true, mobileEmulationEnabled: false, nativeEvents: true, networkConnectionEnabled: false, pageLoadStrategy: normal, platform: XP, platformName: XP, rotatable: false, setWindowRect: true, takesHeapSnapshot: true, takesScreenshot: true, unexpectedAlertBehaviour: , unhandledPromptBehavior: , version: 65.0.3325.181, webStorageEnabled: true}
Session ID: 114aab2d6b65282616857df86281803c
	at org.openqa.selenium.remote.ErrorHandler.createThrowable(ErrorHandler.java:214)
	at org.openqa.selenium.remote.ErrorHandler.throwIfResponseFailed(ErrorHandler.java:166)
	at org.openqa.selenium.remote.http.JsonHttpResponseCodec.reconstructValue(JsonHttpResponseCodec.java:40)
	at org.openqa.selenium.remote.http.AbstractHttpResponseCodec.decode(AbstractHttpResponseCodec.java:80)
	at org.openqa.selenium.remote.http.AbstractHttpResponseCodec.decode(AbstractHttpResponseCodec.java:44)
	at org.openqa.selenium.remote.HttpCommandExecutor.execute(HttpCommandExecutor.java:164)
	at org.openqa.selenium.remote.service.DriverCommandExecutor.execute(DriverCommandExecutor.java:83)
	at org.openqa.selenium.remote.RemoteWebDriver.execute(RemoteWebDriver.java:601)
	at org.openqa.selenium.remote.RemoteWebDriver.execute(RemoteWebDriver.java:658)
	at org.openqa.selenium.remote.RemoteWebDriver.close(RemoteWebDriver.java:487)
	at bsiShopRedesignBase.BaseTest.tearDown(BaseTest.java:139)
... Removed 29 stack frames
</div> <!-- stack-trace -->
                </div> <!-- method-content -->
              </div> <!-- method -->
            </div> <!-- main-panel-content rounded-window-bottom -->
          </div> <!-- suite-Suite-class-skipped -->
          <div class="suite-Suite-class-skipped">
            <div class="main-panel-header rounded-window-top">
              <img src="skipped.png"/>
              <span class="class-name">bsiShopRedesignSprint2.RegisterSubscriptions</span>
            </div> <!-- main-panel-header rounded-window-top -->
            <div class="main-panel-content rounded-window-bottom">
              <div class="method">
                <div class="method-content">
                  <a name="regEurocodes">
                  </a> <!-- regEurocodes -->
                  <span class="method-name">regEurocodes</span>
                  <div class="stack-trace">org.openqa.selenium.NoSuchSessionException: no such session
  (Driver info: chromedriver=2.36.540470 (e522d04694c7ebea4ba8821272dbef4f9b818c91),platform=Windows NT 6.2.9200 x86_64) (WARNING: The server did not provide any stacktrace information)
Command duration or timeout: 0 milliseconds
Build info: version: &apos;3.8.0&apos;, revision: &apos;924c4067df&apos;, time: &apos;2017-11-30T11:37:19.049Z&apos;
System info: host: &apos;SHOPREDESIGN02&apos;, ip: &apos;10.0.9.5&apos;, os.name: &apos;Windows Server 2012&apos;, os.arch: &apos;amd64&apos;, os.version: &apos;6.2&apos;, java.version: &apos;1.8.0_162&apos;
Driver info: org.openqa.selenium.chrome.ChromeDriver
Capabilities {acceptInsecureCerts: false, acceptSslCerts: false, applicationCacheEnabled: false, browserConnectionEnabled: false, browserName: chrome, chrome: {chromedriverVersion: 2.36.540470 (e522d04694c7eb..., userDataDir: C:\Users\shopqa\AppData\Loc...}, cssSelectorsEnabled: true, databaseEnabled: false, handlesAlerts: true, hasTouchScreen: false, javascriptEnabled: true, locationContextEnabled: true, mobileEmulationEnabled: false, nativeEvents: true, networkConnectionEnabled: false, pageLoadStrategy: normal, platform: XP, platformName: XP, rotatable: false, setWindowRect: true, takesHeapSnapshot: true, takesScreenshot: true, unexpectedAlertBehaviour: , unhandledPromptBehavior: , version: 65.0.3325.181, webStorageEnabled: true}
Session ID: 114aab2d6b65282616857df86281803c
	at org.openqa.selenium.remote.ErrorHandler.createThrowable(ErrorHandler.java:214)
	at org.openqa.selenium.remote.ErrorHandler.throwIfResponseFailed(ErrorHandler.java:166)
	at org.openqa.selenium.remote.http.JsonHttpResponseCodec.reconstructValue(JsonHttpResponseCodec.java:40)
	at org.openqa.selenium.remote.http.AbstractHttpResponseCodec.decode(AbstractHttpResponseCodec.java:80)
	at org.openqa.selenium.remote.http.AbstractHttpResponseCodec.decode(AbstractHttpResponseCodec.java:44)
	at org.openqa.selenium.remote.HttpCommandExecutor.execute(HttpCommandExecutor.java:164)
	at org.openqa.selenium.remote.service.DriverCommandExecutor.execute(DriverCommandExecutor.java:83)
	at org.openqa.selenium.remote.RemoteWebDriver.execute(RemoteWebDriver.java:601)
	at org.openqa.selenium.remote.RemoteWebDriver.execute(RemoteWebDriver.java:658)
	at org.openqa.selenium.remote.RemoteWebDriver.close(RemoteWebDriver.java:487)
	at bsiShopRedesignBase.BaseTest.tearDown(BaseTest.java:139)
... Removed 29 stack frames
</div> <!-- stack-trace -->
                </div> <!-- method-content -->
              </div> <!-- method -->
            </div> <!-- main-panel-content rounded-window-bottom -->
          </div> <!-- suite-Suite-class-skipped -->
          <div class="suite-Suite-class-passed">
            <div class="main-panel-header rounded-window-top">
              <img src="passed.png"/>
              <span class="class-name">bsiShopRedesignSprint2.RegisterSubscriptions</span>
            </div> <!-- main-panel-header rounded-window-top -->
            <div class="main-panel-content rounded-window-bottom">
              <div class="method">
                <div class="method-content">
                  <a name="regBSOLQuote">
                  </a> <!-- regBSOLQuote -->
                  <span class="method-name">regBSOLQuote</span>
                </div> <!-- method-content -->
              </div> <!-- method -->
            </div> <!-- main-panel-content rounded-window-bottom -->
          </div> <!-- suite-Suite-class-passed -->
        </div> <!-- panel Suite -->
        <div panel-name="test-xml-Suite" class="panel">
          <div class="main-panel-header rounded-window-top">
            <span class="header-content">C:\Users\shopqa\Downloads\BSI_FW\BSI_FW\BSI\BSI.Automation.Regression\DemoChrome.xml</span>
          </div> <!-- main-panel-header rounded-window-top -->
          <div class="main-panel-content rounded-window-bottom">
            <pre>
&lt;?xml version=&quot;1.0&quot; encoding=&quot;UTF-8&quot;?&gt;
&lt;!DOCTYPE suite SYSTEM &quot;http://testng.org/testng-1.0.dtd&quot;&gt;
&lt;suite guice-stage=&quot;DEVELOPMENT&quot; name=&quot;Suite&quot;&gt;
  &lt;test thread-count=&quot;5&quot; name=&quot;Chrome Browser&quot;&gt;
    &lt;parameter name=&quot;browser&quot; value=&quot;chrome&quot;/&gt;
    &lt;classes&gt;
      &lt;class name=&quot;bsiShopRedesignSprint2.RegisterSubscriptions&quot;/&gt;
      &lt;class name=&quot;bsiShopRedesignSprint2.VerifyMemberTab&quot;/&gt;
      &lt;class name=&quot;bsiShopRedesignSprint4and5.RegistrationsWithDiffProfile&quot;/&gt;
      &lt;class name=&quot;bsiShopRedesignSprint4and5.VerifyMemberProfile&quot;/&gt;
      &lt;class name=&quot;bsiShopRedesignSprint4and5.AddInvoiceToBasketFromMemTab&quot;/&gt;
    &lt;/classes&gt;
  &lt;/test&gt; &lt;!-- Chrome Browser --&gt;
&lt;/suite&gt; &lt;!-- Suite --&gt;
            </pre>
          </div> <!-- main-panel-content rounded-window-bottom -->
        </div> <!-- panel -->
        <div panel-name="testlist-Suite" class="panel">
          <div class="main-panel-header rounded-window-top">
            <span class="header-content">Tests for Suite</span>
          </div> <!-- main-panel-header rounded-window-top -->
          <div class="main-panel-content rounded-window-bottom">
            <ul>
              <li>
                <span class="test-name">Chrome Browser (5 classes)</span>
              </li>
            </ul>
          </div> <!-- main-panel-content rounded-window-bottom -->
        </div> <!-- panel -->
        <div panel-name="group-Suite" class="panel">
          <div class="main-panel-header rounded-window-top">
            <span class="header-content">Groups for Suite</span>
          </div> <!-- main-panel-header rounded-window-top -->
          <div class="main-panel-content rounded-window-bottom">
          </div> <!-- main-panel-content rounded-window-bottom -->
        </div> <!-- panel -->
        <div panel-name="times-Suite" class="panel">
          <div class="main-panel-header rounded-window-top">
            <span class="header-content">Times for Suite</span>
          </div> <!-- main-panel-header rounded-window-top -->
          <div class="main-panel-content rounded-window-bottom">
            <div class="times-div">
              <script type="text/javascript">
suiteTableInitFunctions.push('tableData_Suite');
function tableData_Suite() {
var data = new google.visualization.DataTable();
data.addColumn('number', 'Number');
data.addColumn('string', 'Method');
data.addColumn('string', 'Class');
data.addColumn('number', 'Time (ms)');
data.addRows(11);
data.setCell(0, 0, 0)
data.setCell(0, 1, 'regCNQuote')
data.setCell(0, 2, 'bsiShopRedesignSprint2.RegisterSubscriptions')
data.setCell(0, 3, 334198);
data.setCell(1, 0, 1)
data.setCell(1, 1, 'regBSOLQuote')
data.setCell(1, 2, 'bsiShopRedesignSprint2.RegisterSubscriptions')
data.setCell(1, 3, 130761);
data.setCell(2, 0, 2)
data.setCell(2, 1, 'verifyStatus')
data.setCell(2, 2, 'bsiShopRedesignSprint2.VerifyMemberTab')
data.setCell(2, 3, 120414);
data.setCell(3, 0, 3)
data.setCell(3, 1, 'createRegUserUKProfile')
data.setCell(3, 2, 'bsiShopRedesignSprint4and5.RegistrationsWithDiffProfile')
data.setCell(3, 3, 100001);
data.setCell(4, 0, 4)
data.setCell(4, 1, 'signInMember')
data.setCell(4, 2, 'bsiShopRedesignSprint4and5.AddInvoiceToBasketFromMemTab')
data.setCell(4, 3, 34166);
data.setCell(5, 0, 5)
data.setCell(5, 1, 'signInMember')
data.setCell(5, 2, 'bsiShopRedesignSprint4and5.VerifyMemberProfile')
data.setCell(5, 3, 33719);
data.setCell(6, 0, 6)
data.setCell(6, 1, 'signInMember')
data.setCell(6, 2, 'bsiShopRedesignSprint2.VerifyMemberTab')
data.setCell(6, 3, 33718);
data.setCell(7, 0, 7)
data.setCell(7, 1, 'createRegUserNonUKProfile')
data.setCell(7, 2, 'bsiShopRedesignSprint4and5.RegistrationsWithDiffProfile')
data.setCell(7, 3, 4098);
data.setCell(8, 0, 8)
data.setCell(8, 1, 'AddInvoiceToBasket')
data.setCell(8, 2, 'bsiShopRedesignSprint4and5.AddInvoiceToBasketFromMemTab')
data.setCell(8, 3, 0);
data.setCell(9, 0, 9)
data.setCell(9, 1, 'verifyMemberTab')
data.setCell(9, 2, 'bsiShopRedesignSprint4and5.VerifyMemberProfile')
data.setCell(9, 3, 0);
data.setCell(10, 0, 10)
data.setCell(10, 1, 'regEurocodes')
data.setCell(10, 2, 'bsiShopRedesignSprint2.RegisterSubscriptions')
data.setCell(10, 3, 0);
window.suiteTableData['Suite']= { tableData: data, tableDiv: 'times-div-Suite'}
return data;
}
              </script>
              <span class="suite-total-time">Total running time: 13 minutes</span>
              <div id="times-div-Suite">
              </div> <!-- times-div-Suite -->
            </div> <!-- times-div -->
          </div> <!-- main-panel-content rounded-window-bottom -->
        </div> <!-- panel -->
        <div panel-name="reporter-Suite" class="panel">
          <div class="main-panel-header rounded-window-top">
            <span class="header-content">Reporter output for Suite</span>
          </div> <!-- main-panel-header rounded-window-top -->
          <div class="main-panel-content rounded-window-bottom">
          </div> <!-- main-panel-content rounded-window-bottom -->
        </div> <!-- panel -->
        <div panel-name="ignored-methods-Suite" class="panel">
          <div class="main-panel-header rounded-window-top">
            <span class="header-content">8 ignored methods</span>
          </div> <!-- main-panel-header rounded-window-top -->
          <div class="main-panel-content rounded-window-bottom">
            <div class="ignored-class-div">
              <span class="ignored-class-name">bsiShopRedesignSprint2.VerifyMemberTab</span>
              <div class="ignored-methods-div">
                <span class="ignored-method-name">quit</span>
                <br/>
                <span class="ignored-method-name">getDriverInstance</span>
                <br/>
              </div> <!-- ignored-methods-div -->
            </div> <!-- ignored-class-div -->
            <div class="ignored-class-div">
              <span class="ignored-class-name">bsiShopRedesignSprint4and5.RegistrationsWithDiffProfile</span>
              <div class="ignored-methods-div">
                <span class="ignored-method-name">quit</span>
                <br/>
                <span class="ignored-method-name">getDriverInstance</span>
                <br/>
              </div> <!-- ignored-methods-div -->
            </div> <!-- ignored-class-div -->
            <div class="ignored-class-div">
              <span class="ignored-class-name">bsiShopRedesignSprint4and5.VerifyMemberProfile</span>
              <div class="ignored-methods-div">
                <span class="ignored-method-name">quit</span>
                <br/>
                <span class="ignored-method-name">getDriverInstance</span>
                <br/>
              </div> <!-- ignored-methods-div -->
            </div> <!-- ignored-class-div -->
            <div class="ignored-class-div">
              <span class="ignored-class-name">bsiShopRedesignSprint4and5.AddInvoiceToBasketFromMemTab</span>
              <div class="ignored-methods-div">
                <span class="ignored-method-name">quit</span>
                <br/>
                <span class="ignored-method-name">getDriverInstance</span>
                <br/>
              </div> <!-- ignored-methods-div -->
            </div> <!-- ignored-class-div -->
          </div> <!-- main-panel-content rounded-window-bottom -->
        </div> <!-- panel -->
        <div panel-name="chronological-Suite" class="panel">
          <div class="main-panel-header rounded-window-top">
            <span class="header-content">Methods in chronological order</span>
          </div> <!-- main-panel-header rounded-window-top -->
          <div class="main-panel-content rounded-window-bottom">
            <div class="chronological-class">
              <div class="chronological-class-name">bsiShopRedesignSprint2.RegisterSubscriptions</div> <!-- chronological-class-name -->
              <div class="configuration-suite before">
                <span class="method-name">getDriverInstance</span>
                <span class="method-start">0 ms</span>
              </div> <!-- configuration-suite before -->
              <div class="configuration-class before">
                <span class="method-name">launchBrowser(chrome)</span>
                <span class="method-start">21 ms</span>
              </div> <!-- configuration-class before -->
              <div class="test-method">
                <span class="method-name">regBSOLQuote</span>
                <span class="method-start">7642 ms</span>
              </div> <!-- test-method -->
            </div> <!-- chronological-class -->
            <div class="chronological-class">
              <div class="chronological-class-name">bsiShopRedesignSprint2.VerifyMemberTab</div> <!-- chronological-class-name -->
              <div class="configuration-class before">
                <span class="method-name">launchBrowser(chrome)</span>
                <span class="method-start">138407 ms</span>
              </div> <!-- configuration-class before -->
              <div class="test-method">
                <img src="failed.png">
                </img>
                <span class="method-name">signInMember</span>
                <span class="method-start">145151 ms</span>
              </div> <!-- test-method -->
            </div> <!-- chronological-class -->
            <div class="chronological-class">
              <div class="chronological-class-name">bsiShopRedesignSprint4and5.RegistrationsWithDiffProfile</div> <!-- chronological-class-name -->
              <div class="configuration-class before">
                <span class="method-name">launchBrowser(chrome)</span>
                <span class="method-start">178871 ms</span>
              </div> <!-- configuration-class before -->
              <div class="test-method">
                <img src="failed.png">
                </img>
                <span class="method-name">createRegUserUKProfile</span>
                <span class="method-start">185476 ms</span>
              </div> <!-- test-method -->
            </div> <!-- chronological-class -->
            <div class="chronological-class">
              <div class="chronological-class-name">bsiShopRedesignSprint4and5.VerifyMemberProfile</div> <!-- chronological-class-name -->
              <div class="configuration-class before">
                <span class="method-name">launchBrowser(chrome)</span>
                <span class="method-start">285479 ms</span>
              </div> <!-- configuration-class before -->
              <div class="test-method">
                <img src="failed.png">
                </img>
                <span class="method-name">signInMember</span>
                <span class="method-start">291810 ms</span>
              </div> <!-- test-method -->
            </div> <!-- chronological-class -->
            <div class="chronological-class">
              <div class="chronological-class-name">bsiShopRedesignSprint4and5.AddInvoiceToBasketFromMemTab</div> <!-- chronological-class-name -->
              <div class="configuration-class before">
                <span class="method-name">launchBrowser(chrome)</span>
                <span class="method-start">325531 ms</span>
              </div> <!-- configuration-class before -->
              <div class="test-method">
                <img src="failed.png">
                </img>
                <span class="method-name">signInMember</span>
                <span class="method-start">332107 ms</span>
              </div> <!-- test-method -->
            </div> <!-- chronological-class -->
            <div class="chronological-class">
              <div class="chronological-class-name">bsiShopRedesignSprint2.RegisterSubscriptions</div> <!-- chronological-class-name -->
              <div class="test-method">
                <img src="failed.png">
                </img>
                <span class="method-name">regCNQuote</span>
                <span class="method-start">366275 ms</span>
              </div> <!-- test-method -->
            </div> <!-- chronological-class -->
            <div class="chronological-class">
              <div class="chronological-class-name">bsiShopRedesignSprint2.VerifyMemberTab</div> <!-- chronological-class-name -->
              <div class="test-method">
                <img src="failed.png">
                </img>
                <span class="method-name">verifyStatus</span>
                <span class="method-start">700475 ms</span>
              </div> <!-- test-method -->
              <div class="configuration-class after">
                <span class="method-name">extentQuit</span>
                <span class="method-start">820890 ms</span>
              </div> <!-- configuration-class after -->
              <div class="configuration-class after">
                <span class="method-name">tearDown</span>
                <span class="method-start">821130 ms</span>
              </div> <!-- configuration-class after -->
            </div> <!-- chronological-class -->
            <div class="chronological-class">
              <div class="chronological-class-name">bsiShopRedesignSprint4and5.RegistrationsWithDiffProfile</div> <!-- chronological-class-name -->
              <div class="test-method">
                <img src="failed.png">
                </img>
                <span class="method-name">createRegUserNonUKProfile</span>
                <span class="method-start">825451 ms</span>
              </div> <!-- test-method -->
              <div class="configuration-class after">
                <span class="method-name">extentQuit</span>
                <span class="method-start">829551 ms</span>
              </div> <!-- configuration-class after -->
              <div class="configuration-class after">
                <img src="failed.png">
                </img>
                <span class="method-name">tearDown</span>
                <span class="method-start">829617 ms</span>
              </div> <!-- configuration-class after -->
            </div> <!-- chronological-class -->
            <div class="chronological-class">
              <div class="chronological-class-name">bsiShopRedesignSprint4and5.VerifyMemberProfile</div> <!-- chronological-class-name -->
              <div class="test-method">
                <span class="method-name">verifyMemberTab</span>
                <span class="method-start">-1523630824675 ms</span>
              </div> <!-- test-method -->
            </div> <!-- chronological-class -->
            <div class="chronological-class">
              <div class="chronological-class-name">bsiShopRedesignSprint4and5.AddInvoiceToBasketFromMemTab</div> <!-- chronological-class-name -->
              <div class="test-method">
                <span class="method-name">AddInvoiceToBasket</span>
                <span class="method-start">-1523630824675 ms</span>
              </div> <!-- test-method -->
            </div> <!-- chronological-class -->
            <div class="chronological-class">
              <div class="chronological-class-name">bsiShopRedesignSprint2.RegisterSubscriptions</div> <!-- chronological-class-name -->
              <div class="test-method">
                <span class="method-name">regEurocodes</span>
                <span class="method-start">-1523630824675 ms</span>
              </div> <!-- test-method -->
          </div> <!-- main-panel-content rounded-window-bottom -->
        </div> <!-- panel -->
      </div> <!-- main-panel-root -->
    </div> <!-- wrapper -->
  </body>
</html>
